<?xml version="1.0" encoding="UTF-8"?>
<testng-results ignored="0" total="1" passed="1" failed="0" skipped="0">
  <reporter-output>
  </reporter-output>
  <suite started-at="2024-07-14T16:28:11 IST" name="Default suite" finished-at="2024-07-14T16:28:11 IST" duration-ms="103">
    <groups>
    </groups>
    <test started-at="2024-07-14T16:28:11 IST" name="Default test" finished-at="2024-07-14T16:28:11 IST" duration-ms="103">
      <class name="testRun.cucumberRunnerTest">
        <test-method signature="f()[pri:0, instance:testRun.cucumberRunnerTest@3c41ed1d]" started-at="2024-07-14T16:28:11 IST" name="f" finished-at="2024-07-14T16:28:11 IST" duration-ms="15" status="PASS">
          <reporter-output>
          </reporter-output>
        </test-method> <!-- f -->
      </class> <!-- testRun.cucumberRunnerTest -->
    </test> <!-- Default test -->
  </suite> <!-- Default suite -->
</testng-results>
